\BOOKMARK [1][-]{section.1}{Introduction}{}% 1
\BOOKMARK [2][-]{subsection.1.1}{Sustainable Development}{section.1}% 2
\BOOKMARK [2][-]{subsection.1.2}{Development Disparities}{section.1}% 3
\BOOKMARK [2][-]{subsection.1.3}{Big Data}{section.1}% 4
\BOOKMARK [3][-]{subsubsection.1.3.1}{Big Data Analyses}{subsection.1.3}% 5
\BOOKMARK [3][-]{subsubsection.1.3.2}{Big Data for Sustainability}{subsection.1.3}% 6
\BOOKMARK [3][-]{subsubsection.1.3.3}{title}{subsection.1.3}% 7
\BOOKMARK [2][-]{subsection.1.4}{Image Classification}{section.1}% 8
\BOOKMARK [3][-]{subsubsection.1.4.1}{Deep Neural Networks}{subsection.1.4}% 9
\BOOKMARK [3][-]{subsubsection.1.4.2}{YOLO \046 Darkflow}{subsection.1.4}% 10
\BOOKMARK [3][-]{subsubsection.1.4.3}{title}{subsection.1.4}% 11
\BOOKMARK [3][-]{subsubsection.1.4.4}{title}{subsection.1.4}% 12
\BOOKMARK [2][-]{subsection.1.5}{Goals of this Study}{section.1}% 13
\BOOKMARK [3][-]{subsubsection.1.5.1}{Research Questions}{subsection.1.5}% 14
\BOOKMARK [1][-]{section.2}{Methods}{}% 15
\BOOKMARK [2][-]{subsection.2.1}{Harvesting of training images}{section.2}% 16
\BOOKMARK [2][-]{subsection.2.2}{Supervised Classification}{section.2}% 17
\BOOKMARK [2][-]{subsection.2.3}{Training ICARUS}{section.2}% 18
\BOOKMARK [2][-]{subsection.2.4}{Validation}{section.2}% 19
\BOOKMARK [1][-]{section.3}{Results}{}% 20
\BOOKMARK [1][-]{section.4}{Discussion}{}% 21
\BOOKMARK [1][-]{section.5}{Conclusion \046 Outlook}{}% 22
\BOOKMARK [2][-]{subsubsection.5.0.1}{title}{section.5}% 23
