This is pdfTeX, Version 3.14159265-2.6-1.40.20 (MiKTeX 2.9.7140 64-bit) (preloaded format=pdflatex 2019.9.15)  15 SEP 2019 13:55
entering extended mode
**./Titelseite.tex
(Titelseite.tex
LaTeX2e <2018-12-01>

("C:\Users\Benjamin Schüpbach\AppData\Local\Programs\MiKTeX 2.9\tex/latex/base
\article.cls"
Document Class: article 2018/09/03 v1.4i Standard LaTeX document class

("C:\Users\Benjamin Schüpbach\AppData\Local\Programs\MiKTeX 2.9\tex/latex/base
\size10.clo"
File: size10.clo 2018/09/03 v1.4i Standard LaTeX file (size option)
)
\c@part=\count80
\c@section=\count81
\c@subsection=\count82
\c@subsubsection=\count83
\c@paragraph=\count84
\c@subparagraph=\count85
\c@figure=\count86
\c@table=\count87
\abovecaptionskip=\skip41
\belowcaptionskip=\skip42
\bibindent=\dimen102
) (Titelseite.aux)
\openout1 = `Titelseite.aux'.

LaTeX Font Info:    Checking defaults for OML/cmm/m/it on input line 3.
LaTeX Font Info:    ... okay on input line 3.
LaTeX Font Info:    Checking defaults for T1/cmr/m/n on input line 3.
LaTeX Font Info:    ... okay on input line 3.
LaTeX Font Info:    Checking defaults for OT1/cmr/m/n on input line 3.
LaTeX Font Info:    ... okay on input line 3.
LaTeX Font Info:    Checking defaults for OMS/cmsy/m/n on input line 3.
LaTeX Font Info:    ... okay on input line 3.
LaTeX Font Info:    Checking defaults for OMX/cmex/m/n on input line 3.
LaTeX Font Info:    ... okay on input line 3.
LaTeX Font Info:    Checking defaults for U/cmr/m/n on input line 3.
LaTeX Font Info:    ... okay on input line 3.
LaTeX Font Info:    External font `cmex10' loaded for size
(Font)              <12> on input line 10.
LaTeX Font Info:    External font `cmex10' loaded for size
(Font)              <8> on input line 10.
LaTeX Font Info:    External font `cmex10' loaded for size
(Font)              <6> on input line 10.
 [1

{C:/Users/Benjamin Schüpbach/AppData/Local/MiKTeX/2.9/pdftex/config/pdftex.map
}] (Titelseite.aux) ) 
Here is how much of TeX's memory you used:
 229 strings out of 492895
 2797 string characters out of 3117195
 60667 words of memory out of 3000000
 4221 multiletter control sequences out of 15000+200000
 7289 words of font info for 26 fonts, out of 3000000 for 9000
 1141 hyphenation exceptions out of 8191
 23i,7n,17p,205b,234s stack positions out of 5000i,500n,10000p,200000b,50000s
<C:/Users/Benjamin Schüpbach/AppData/Local/Programs/MiKTe
X 2.9/fonts/type1/public/amsfonts/cm/cmbx12.pfb><C:/Users/Benjamin Schüpbach/A
ppData/Local/Programs/MiKTeX 2.9/fonts/type1/public/amsfonts/cm/cmr10.pfb><C:/U
sers/Benjamin Schüpbach/AppData/Local/Programs/MiKTeX 2.9/fonts/type1/public/a
msfonts/cm/cmr12.pfb>
Output written on Titelseite.pdf (1 page, 35395 bytes).
PDF statistics:
 18 PDF objects out of 1000 (max. 8388607)
 0 named destinations out of 1000 (max. 500000)
 1 words of extra memory for PDF output out of 10000 (max. 10000000)

